{"D:\\myProgram\\myGithub\\learning-notes\\前端自动化测试\\jest\\lesson3\\math.js": {"path":"D:\\myProgram\\myGithub\\learning-notes\\前端自动化测试\\jest\\lesson3\\math.js","statementMap":{"0":{"start":{"line":10,"column":2},"end":{"line":10,"column":14}},"1":{"start":{"line":14,"column":2},"end":{"line":14,"column":14}},"2":{"start":{"line":18,"column":2},"end":{"line":18,"column":14}}},"fnMap":{"0":{"name":"add","decl":{"start":{"line":9,"column":16},"end":{"line":9,"column":19}},"loc":{"start":{"line":9,"column":26},"end":{"line":11,"column":1}},"line":9},"1":{"name":"minus","decl":{"start":{"line":13,"column":16},"end":{"line":13,"column":21}},"loc":{"start":{"line":13,"column":28},"end":{"line":15,"column":1}},"line":13},"2":{"name":"multi","decl":{"start":{"line":17,"column":16},"end":{"line":17,"column":21}},"loc":{"start":{"line":17,"column":28},"end":{"line":19,"column":1}},"line":17}},"branchMap":{},"s":{"0":1,"1":1,"2":1},"f":{"0":1,"1":1,"2":1},"b":{},"_coverageSchema":"43e27e138ebf9cfc5966b082cf9a028302ed4184","hash":"e4c6aa3e230d6e43bd6870d275def7b3ddc818a6"}
}
